<?xml version="1.0" encoding="UTF-8"?>
<testsuite name="cyclicbarrier.CyclicBarrierTest" tests="1" skipped="0" failures="0" errors="0" timestamp="2022-11-30T21:29:49" hostname="DESKTOP-ARIKE4S" time="7.571">
  <properties/>
  <testcase name="test()" classname="cyclicbarrier.CyclicBarrierTest" time="7.571"/>
  <system-out><![CDATA[0
1
2
3
4
0
1
2
3
4
0
1
2
3
4
]]></system-out>
  <system-err><![CDATA[]]></system-err>
</testsuite>
