<?xml version="1.0" encoding="UTF-8"?>
<testsuite name="cyclicbarrier.CyclicBarrierTest" tests="1" skipped="0" failures="0" errors="0" timestamp="2022-11-30T22:13:59" hostname="DESKTOP-ARIKE4S" time="7.569">
  <properties/>
  <testcase name="test()" classname="cyclicbarrier.CyclicBarrierTest" time="7.569"/>
  <system-out><![CDATA[]]></system-out>
  <system-err><![CDATA[]]></system-err>
</testsuite>
