<?xml version="1.0" encoding="UTF-8"?>
<testsuite name="lineareqsolve.tridiagonal.parallel.LESolveTridiagonalParallelTest" tests="2" skipped="0" failures="0" errors="0" timestamp="2022-11-09T15:59:31" hostname="DESKTOP-ARIKE4S" time="0.055">
  <properties/>
  <testcase name="solveGeneratedDataTest()" classname="lineareqsolve.tridiagonal.parallel.LESolveTridiagonalParallelTest" time="0.026"/>
  <testcase name="solveExample()" classname="lineareqsolve.tridiagonal.parallel.LESolveTridiagonalParallelTest" time="0.027"/>
  <system-out><![CDATA[sparse matrix
[[0.0, 6.0, 3.0, 12.0], [2.0, 7.0, 3.0, 25.0], [2.0, 8.0, 3.0, 40.0], [2.0, 9.0, 3.0, 57.0], [2.0, 10.0, 3.0, 76.0], [2.0, 11.0, 0.0, 76.0]]
BlockNum = 2 i = 3
BlockNum = 1 i = 1
1 locked self
1 locked previous
special
2 locked self
2 locked previous
special
]]></system-out>
  <system-err><![CDATA[]]></system-err>
</testsuite>
