<?xml version="1.0" encoding="UTF-8"?>
<testsuite name="lineareqsolve.tridiagonal.parallel.LESolveTridiagonalParallelTest" tests="1" skipped="0" failures="0" errors="0" timestamp="2022-11-09T14:54:32" hostname="DESKTOP-ARIKE4S" time="0.055">
  <properties/>
  <testcase name="solveExample()" classname="lineareqsolve.tridiagonal.parallel.LESolveTridiagonalParallelTest" time="0.055"/>
  <system-out><![CDATA[sparse matrix
[[0.0, 6.0, 3.0, 12.0], [2.0, 7.0, 3.0, 25.0], [2.0, 8.0, 3.0, 40.0], [2.0, 9.0, 3.0, 57.0], [2.0, 10.0, 3.0, 76.0], [2.0, 11.0, 0.0, 76.0]]
sparse matrix after forward
[[0.0, 6.0, 3.0, 12.0], [-0.0, 6.0, 3.0, 21.0], [2.0, 8.0, 3.0, 40.0], [-0.5, 8.25, 3.0, 47.0], [2.0, 10.0, 3.0, 76.0], [-0.4, 10.4, 0.0, 60.8]]
BlockNum = 1 i = 1
1 locked self
1 locked previous
special
BlockNum = 2 i = 3
2 locked self
2 locked previous
special
sparse matrix after backward
[[0.0, 6.0, 3.0, 12.0], [-0.0, 5.25, -1.125, 6.0], [2.0, 8.0, 3.0, 40.0], [-0.5, 7.65, -0.8999999999999999, 24.2], [2.0, 10.0, 3.0, 76.0], [-0.4, 10.4, 0.0, 60.8]]
Seq matrix
[-0.5, -0.4]
[5.25, 7.65, 10.4]
[-1.125, -0.8999999999999999]
[6.0, 24.2, 60.8]
Seq solution
[1.9999999999999998, 3.9999999999999996, 5.999999999999999]
example solution: [1.0000000000000002, 1.9999999999999998, 3.0, 3.9999999999999996, 5.0, 5.999999999999999]
]]></system-out>
  <system-err><![CDATA[]]></system-err>
</testsuite>
