<?xml version="1.0" encoding="UTF-8"?>
<testsuite name="bouquet.BouquetTest" tests="7" skipped="0" failures="0" errors="0" timestamp="2022-11-04T18:55:38" hostname="DESKTOP-ARIKE4S" time="0.053">
  <properties/>
  <testcase name="getAccessories()" classname="bouquet.BouquetTest" time="0.026"/>
  <testcase name="sortFlowersByFreshness()" classname="bouquet.BouquetTest" time="0.003"/>
  <testcase name="addFlower()" classname="bouquet.BouquetTest" time="0.005"/>
  <testcase name="getCost()" classname="bouquet.BouquetTest" time="0.002"/>
  <testcase name="findFlowerWithStemLenWithinRange()" classname="bouquet.BouquetTest" time="0.003"/>
  <testcase name="getFlowers()" classname="bouquet.BouquetTest" time="0.001"/>
  <testcase name="addAccessory()" classname="bouquet.BouquetTest" time="0.007"/>
  <system-out><![CDATA[]]></system-out>
  <system-err><![CDATA[]]></system-err>
</testsuite>
